<?xml version="1.0" encoding="UTF-8"?>
<testsuite xmlns:xsi="http://www.w3.org/2001/XMLSchema-instance" xsi:noNamespaceSchemaLocation="https://maven.apache.org/surefire/maven-surefire-plugin/xsd/surefire-test-report.xsd" version="3.0.2" name="TestSuite" time="55.562" tests="7" errors="0" skipped="0" failures="0">
  <properties>
    <property name="java.specification.version" value="23"/>
    <property name="sun.cpu.isalist" value="amd64"/>
    <property name="sun.jnu.encoding" value="Cp1252"/>
    <property name="sun.awt.enableExtraMouseButtons" value="true"/>
    <property name="java.class.path" value="C:\Users\jexin\OneDrive\Documents\Workspace\opencart-ecommerce\target\test-classes;C:\Users\jexin\OneDrive\Documents\Workspace\opencart-ecommerce\target\classes;C:\Users\jexin\.m2\repository\org\seleniumhq\selenium\selenium-java\4.34.0\selenium-java-4.34.0.jar;C:\Users\jexin\.m2\repository\org\seleniumhq\selenium\selenium-api\4.34.0\selenium-api-4.34.0.jar;C:\Users\jexin\.m2\repository\org\jspecify\jspecify\1.0.0\jspecify-1.0.0.jar;C:\Users\jexin\.m2\repository\org\seleniumhq\selenium\selenium-chrome-driver\4.34.0\selenium-chrome-driver-4.34.0.jar;C:\Users\jexin\.m2\repository\com\google\auto\service\auto-service-annotations\1.1.1\auto-service-annotations-1.1.1.jar;C:\Users\jexin\.m2\repository\org\seleniumhq\selenium\selenium-chromium-driver\4.34.0\selenium-chromium-driver-4.34.0.jar;C:\Users\jexin\.m2\repository\org\seleniumhq\selenium\selenium-json\4.34.0\selenium-json-4.34.0.jar;C:\Users\jexin\.m2\repository\org\seleniumhq\selenium\selenium-manager\4.34.0\selenium-manager-4.34.0.jar;C:\Users\jexin\.m2\repository\org\seleniumhq\selenium\selenium-devtools-v136\4.34.0\selenium-devtools-v136-4.34.0.jar;C:\Users\jexin\.m2\repository\org\seleniumhq\selenium\selenium-devtools-v137\4.34.0\selenium-devtools-v137-4.34.0.jar;C:\Users\jexin\.m2\repository\org\seleniumhq\selenium\selenium-devtools-v138\4.34.0\selenium-devtools-v138-4.34.0.jar;C:\Users\jexin\.m2\repository\org\seleniumhq\selenium\selenium-edge-driver\4.34.0\selenium-edge-driver-4.34.0.jar;C:\Users\jexin\.m2\repository\org\seleniumhq\selenium\selenium-firefox-driver\4.34.0\selenium-firefox-driver-4.34.0.jar;C:\Users\jexin\.m2\repository\org\seleniumhq\selenium\selenium-http\4.34.0\selenium-http-4.34.0.jar;C:\Users\jexin\.m2\repository\org\seleniumhq\selenium\selenium-ie-driver\4.34.0\selenium-ie-driver-4.34.0.jar;C:\Users\jexin\.m2\repository\org\seleniumhq\selenium\selenium-remote-driver\4.34.0\selenium-remote-driver-4.34.0.jar;C:\Users\jexin\.m2\repository\com\google\guava\guava\33.4.8-jre\guava-33.4.8-jre.jar;C:\Users\jexin\.m2\repository\com\google\guava\failureaccess\1.0.3\failureaccess-1.0.3.jar;C:\Users\jexin\.m2\repository\com\google\guava\listenablefuture\9999.0-empty-to-avoid-conflict-with-guava\listenablefuture-9999.0-empty-to-avoid-conflict-with-guava.jar;C:\Users\jexin\.m2\repository\com\google\errorprone\error_prone_annotations\2.36.0\error_prone_annotations-2.36.0.jar;C:\Users\jexin\.m2\repository\com\google\j2objc\j2objc-annotations\3.0.0\j2objc-annotations-3.0.0.jar;C:\Users\jexin\.m2\repository\io\opentelemetry\opentelemetry-api\1.51.0\opentelemetry-api-1.51.0.jar;C:\Users\jexin\.m2\repository\io\opentelemetry\opentelemetry-context\1.51.0\opentelemetry-context-1.51.0.jar;C:\Users\jexin\.m2\repository\io\opentelemetry\opentelemetry-exporter-logging\1.51.0\opentelemetry-exporter-logging-1.51.0.jar;C:\Users\jexin\.m2\repository\io\opentelemetry\opentelemetry-sdk-common\1.51.0\opentelemetry-sdk-common-1.51.0.jar;C:\Users\jexin\.m2\repository\io\opentelemetry\opentelemetry-sdk-extension-autoconfigure-spi\1.51.0\opentelemetry-sdk-extension-autoconfigure-spi-1.51.0.jar;C:\Users\jexin\.m2\repository\io\opentelemetry\opentelemetry-sdk-extension-autoconfigure\1.51.0\opentelemetry-sdk-extension-autoconfigure-1.51.0.jar;C:\Users\jexin\.m2\repository\io\opentelemetry\opentelemetry-sdk-trace\1.51.0\opentelemetry-sdk-trace-1.51.0.jar;C:\Users\jexin\.m2\repository\io\opentelemetry\opentelemetry-sdk\1.51.0\opentelemetry-sdk-1.51.0.jar;C:\Users\jexin\.m2\repository\io\opentelemetry\opentelemetry-sdk-metrics\1.51.0\opentelemetry-sdk-metrics-1.51.0.jar;C:\Users\jexin\.m2\repository\io\opentelemetry\opentelemetry-sdk-logs\1.51.0\opentelemetry-sdk-logs-1.51.0.jar;C:\Users\jexin\.m2\repository\net\bytebuddy\byte-buddy\1.17.6\byte-buddy-1.17.6.jar;C:\Users\jexin\.m2\repository\org\seleniumhq\selenium\selenium-os\4.34.0\selenium-os-4.34.0.jar;C:\Users\jexin\.m2\repository\org\apache\commons\commons-exec\1.5.0\commons-exec-1.5.0.jar;C:\Users\jexin\.m2\repository\org\seleniumhq\selenium\selenium-safari-driver\4.34.0\selenium-safari-driver-4.34.0.jar;C:\Users\jexin\.m2\repository\org\seleniumhq\selenium\selenium-support\4.34.0\selenium-support-4.34.0.jar;C:\Users\jexin\.m2\repository\org\testng\testng\7.11.0\testng-7.11.0.jar;C:\Users\jexin\.m2\repository\org\slf4j\slf4j-api\2.0.16\slf4j-api-2.0.16.jar;C:\Users\jexin\.m2\repository\org\jcommander\jcommander\1.83\jcommander-1.83.jar;C:\Users\jexin\.m2\repository\org\webjars\jquery\3.7.1\jquery-3.7.1.jar;C:\Users\jexin\.m2\repository\org\apache\poi\poi\5.4.1\poi-5.4.1.jar;C:\Users\jexin\.m2\repository\commons-codec\commons-codec\1.18.0\commons-codec-1.18.0.jar;C:\Users\jexin\.m2\repository\org\apache\commons\commons-collections4\4.4\commons-collections4-4.4.jar;C:\Users\jexin\.m2\repository\org\apache\commons\commons-math3\3.6.1\commons-math3-3.6.1.jar;C:\Users\jexin\.m2\repository\com\zaxxer\SparseBitSet\1.3\SparseBitSet-1.3.jar;C:\Users\jexin\.m2\repository\org\apache\poi\poi-ooxml\5.4.1\poi-ooxml-5.4.1.jar;C:\Users\jexin\.m2\repository\org\apache\poi\poi-ooxml-lite\5.4.1\poi-ooxml-lite-5.4.1.jar;C:\Users\jexin\.m2\repository\org\apache\xmlbeans\xmlbeans\5.3.0\xmlbeans-5.3.0.jar;C:\Users\jexin\.m2\repository\org\apache\commons\commons-compress\1.27.1\commons-compress-1.27.1.jar;C:\Users\jexin\.m2\repository\com\github\virtuald\curvesapi\1.08\curvesapi-1.08.jar;C:\Users\jexin\.m2\repository\org\apache\logging\log4j\log4j-core\2.25.0\log4j-core-2.25.0.jar;C:\Users\jexin\.m2\repository\org\apache\logging\log4j\log4j-api\2.25.0\log4j-api-2.25.0.jar;C:\Users\jexin\.m2\repository\commons-io\commons-io\2.19.0\commons-io-2.19.0.jar;C:\Users\jexin\.m2\repository\org\apache\commons\commons-lang3\3.17.0\commons-lang3-3.17.0.jar;C:\Users\jexin\.m2\repository\com\aventstack\extentreports\5.1.2\extentreports-5.1.2.jar;C:\Users\jexin\.m2\repository\io\reactivex\rxjava3\rxjava\3.1.6\rxjava-3.1.6.jar;C:\Users\jexin\.m2\repository\org\reactivestreams\reactive-streams\1.0.4\reactive-streams-1.0.4.jar;C:\Users\jexin\.m2\repository\org\freemarker\freemarker\2.3.32\freemarker-2.3.32.jar;C:\Users\jexin\.m2\repository\org\projectlombok\lombok\1.18.26\lombok-1.18.26.jar;C:\Users\jexin\.m2\repository\com\google\code\gson\gson\2.10.1\gson-2.10.1.jar;C:\Users\jexin\.m2\repository\org\apache\commons\commons-email\1.6.0\commons-email-1.6.0.jar;C:\Users\jexin\.m2\repository\com\sun\mail\jakarta.mail\1.6.7\jakarta.mail-1.6.7.jar;C:\Users\jexin\.m2\repository\com\sun\activation\jakarta.activation\1.2.1\jakarta.activation-1.2.1.jar;"/>
    <property name="java.vm.vendor" value="Oracle Corporation"/>
    <property name="sun.arch.data.model" value="64"/>
    <property name="user.variant" value=""/>
    <property name="java.vendor.url" value="https://java.oracle.com/"/>
    <property name="user.timezone" value="Asia/Calcutta"/>
    <property name="os.name" value="Windows 11"/>
    <property name="java.vm.specification.version" value="23"/>
    <property name="sun.java.launcher" value="SUN_STANDARD"/>
    <property name="user.country" value="IN"/>
    <property name="sun.boot.library.path" value="C:\Program Files\Java\jdk-23\bin"/>
    <property name="sun.java.command" value="C:\Users\jexin\AppData\Local\Temp\surefire12983206664871859133\surefirebooter-20250712214630842_3.jar C:\Users\jexin\AppData\Local\Temp\surefire12983206664871859133 2025-07-12T21-46-30_714-jvmRun1 surefire-20250712214630842_1tmp surefire_0-20250712214630842_2tmp"/>
    <property name="jdk.debug" value="release"/>
    <property name="surefire.test.class.path" value="C:\Users\jexin\OneDrive\Documents\Workspace\opencart-ecommerce\target\test-classes;C:\Users\jexin\OneDrive\Documents\Workspace\opencart-ecommerce\target\classes;C:\Users\jexin\.m2\repository\org\seleniumhq\selenium\selenium-java\4.34.0\selenium-java-4.34.0.jar;C:\Users\jexin\.m2\repository\org\seleniumhq\selenium\selenium-api\4.34.0\selenium-api-4.34.0.jar;C:\Users\jexin\.m2\repository\org\jspecify\jspecify\1.0.0\jspecify-1.0.0.jar;C:\Users\jexin\.m2\repository\org\seleniumhq\selenium\selenium-chrome-driver\4.34.0\selenium-chrome-driver-4.34.0.jar;C:\Users\jexin\.m2\repository\com\google\auto\service\auto-service-annotations\1.1.1\auto-service-annotations-1.1.1.jar;C:\Users\jexin\.m2\repository\org\seleniumhq\selenium\selenium-chromium-driver\4.34.0\selenium-chromium-driver-4.34.0.jar;C:\Users\jexin\.m2\repository\org\seleniumhq\selenium\selenium-json\4.34.0\selenium-json-4.34.0.jar;C:\Users\jexin\.m2\repository\org\seleniumhq\selenium\selenium-manager\4.34.0\selenium-manager-4.34.0.jar;C:\Users\jexin\.m2\repository\org\seleniumhq\selenium\selenium-devtools-v136\4.34.0\selenium-devtools-v136-4.34.0.jar;C:\Users\jexin\.m2\repository\org\seleniumhq\selenium\selenium-devtools-v137\4.34.0\selenium-devtools-v137-4.34.0.jar;C:\Users\jexin\.m2\repository\org\seleniumhq\selenium\selenium-devtools-v138\4.34.0\selenium-devtools-v138-4.34.0.jar;C:\Users\jexin\.m2\repository\org\seleniumhq\selenium\selenium-edge-driver\4.34.0\selenium-edge-driver-4.34.0.jar;C:\Users\jexin\.m2\repository\org\seleniumhq\selenium\selenium-firefox-driver\4.34.0\selenium-firefox-driver-4.34.0.jar;C:\Users\jexin\.m2\repository\org\seleniumhq\selenium\selenium-http\4.34.0\selenium-http-4.34.0.jar;C:\Users\jexin\.m2\repository\org\seleniumhq\selenium\selenium-ie-driver\4.34.0\selenium-ie-driver-4.34.0.jar;C:\Users\jexin\.m2\repository\org\seleniumhq\selenium\selenium-remote-driver\4.34.0\selenium-remote-driver-4.34.0.jar;C:\Users\jexin\.m2\repository\com\google\guava\guava\33.4.8-jre\guava-33.4.8-jre.jar;C:\Users\jexin\.m2\repository\com\google\guava\failureaccess\1.0.3\failureaccess-1.0.3.jar;C:\Users\jexin\.m2\repository\com\google\guava\listenablefuture\9999.0-empty-to-avoid-conflict-with-guava\listenablefuture-9999.0-empty-to-avoid-conflict-with-guava.jar;C:\Users\jexin\.m2\repository\com\google\errorprone\error_prone_annotations\2.36.0\error_prone_annotations-2.36.0.jar;C:\Users\jexin\.m2\repository\com\google\j2objc\j2objc-annotations\3.0.0\j2objc-annotations-3.0.0.jar;C:\Users\jexin\.m2\repository\io\opentelemetry\opentelemetry-api\1.51.0\opentelemetry-api-1.51.0.jar;C:\Users\jexin\.m2\repository\io\opentelemetry\opentelemetry-context\1.51.0\opentelemetry-context-1.51.0.jar;C:\Users\jexin\.m2\repository\io\opentelemetry\opentelemetry-exporter-logging\1.51.0\opentelemetry-exporter-logging-1.51.0.jar;C:\Users\jexin\.m2\repository\io\opentelemetry\opentelemetry-sdk-common\1.51.0\opentelemetry-sdk-common-1.51.0.jar;C:\Users\jexin\.m2\repository\io\opentelemetry\opentelemetry-sdk-extension-autoconfigure-spi\1.51.0\opentelemetry-sdk-extension-autoconfigure-spi-1.51.0.jar;C:\Users\jexin\.m2\repository\io\opentelemetry\opentelemetry-sdk-extension-autoconfigure\1.51.0\opentelemetry-sdk-extension-autoconfigure-1.51.0.jar;C:\Users\jexin\.m2\repository\io\opentelemetry\opentelemetry-sdk-trace\1.51.0\opentelemetry-sdk-trace-1.51.0.jar;C:\Users\jexin\.m2\repository\io\opentelemetry\opentelemetry-sdk\1.51.0\opentelemetry-sdk-1.51.0.jar;C:\Users\jexin\.m2\repository\io\opentelemetry\opentelemetry-sdk-metrics\1.51.0\opentelemetry-sdk-metrics-1.51.0.jar;C:\Users\jexin\.m2\repository\io\opentelemetry\opentelemetry-sdk-logs\1.51.0\opentelemetry-sdk-logs-1.51.0.jar;C:\Users\jexin\.m2\repository\net\bytebuddy\byte-buddy\1.17.6\byte-buddy-1.17.6.jar;C:\Users\jexin\.m2\repository\org\seleniumhq\selenium\selenium-os\4.34.0\selenium-os-4.34.0.jar;C:\Users\jexin\.m2\repository\org\apache\commons\commons-exec\1.5.0\commons-exec-1.5.0.jar;C:\Users\jexin\.m2\repository\org\seleniumhq\selenium\selenium-safari-driver\4.34.0\selenium-safari-driver-4.34.0.jar;C:\Users\jexin\.m2\repository\org\seleniumhq\selenium\selenium-support\4.34.0\selenium-support-4.34.0.jar;C:\Users\jexin\.m2\repository\org\testng\testng\7.11.0\testng-7.11.0.jar;C:\Users\jexin\.m2\repository\org\slf4j\slf4j-api\2.0.16\slf4j-api-2.0.16.jar;C:\Users\jexin\.m2\repository\org\jcommander\jcommander\1.83\jcommander-1.83.jar;C:\Users\jexin\.m2\repository\org\webjars\jquery\3.7.1\jquery-3.7.1.jar;C:\Users\jexin\.m2\repository\org\apache\poi\poi\5.4.1\poi-5.4.1.jar;C:\Users\jexin\.m2\repository\commons-codec\commons-codec\1.18.0\commons-codec-1.18.0.jar;C:\Users\jexin\.m2\repository\org\apache\commons\commons-collections4\4.4\commons-collections4-4.4.jar;C:\Users\jexin\.m2\repository\org\apache\commons\commons-math3\3.6.1\commons-math3-3.6.1.jar;C:\Users\jexin\.m2\repository\com\zaxxer\SparseBitSet\1.3\SparseBitSet-1.3.jar;C:\Users\jexin\.m2\repository\org\apache\poi\poi-ooxml\5.4.1\poi-ooxml-5.4.1.jar;C:\Users\jexin\.m2\repository\org\apache\poi\poi-ooxml-lite\5.4.1\poi-ooxml-lite-5.4.1.jar;C:\Users\jexin\.m2\repository\org\apache\xmlbeans\xmlbeans\5.3.0\xmlbeans-5.3.0.jar;C:\Users\jexin\.m2\repository\org\apache\commons\commons-compress\1.27.1\commons-compress-1.27.1.jar;C:\Users\jexin\.m2\repository\com\github\virtuald\curvesapi\1.08\curvesapi-1.08.jar;C:\Users\jexin\.m2\repository\org\apache\logging\log4j\log4j-core\2.25.0\log4j-core-2.25.0.jar;C:\Users\jexin\.m2\repository\org\apache\logging\log4j\log4j-api\2.25.0\log4j-api-2.25.0.jar;C:\Users\jexin\.m2\repository\commons-io\commons-io\2.19.0\commons-io-2.19.0.jar;C:\Users\jexin\.m2\repository\org\apache\commons\commons-lang3\3.17.0\commons-lang3-3.17.0.jar;C:\Users\jexin\.m2\repository\com\aventstack\extentreports\5.1.2\extentreports-5.1.2.jar;C:\Users\jexin\.m2\repository\io\reactivex\rxjava3\rxjava\3.1.6\rxjava-3.1.6.jar;C:\Users\jexin\.m2\repository\org\reactivestreams\reactive-streams\1.0.4\reactive-streams-1.0.4.jar;C:\Users\jexin\.m2\repository\org\freemarker\freemarker\2.3.32\freemarker-2.3.32.jar;C:\Users\jexin\.m2\repository\org\projectlombok\lombok\1.18.26\lombok-1.18.26.jar;C:\Users\jexin\.m2\repository\com\google\code\gson\gson\2.10.1\gson-2.10.1.jar;C:\Users\jexin\.m2\repository\org\apache\commons\commons-email\1.6.0\commons-email-1.6.0.jar;C:\Users\jexin\.m2\repository\com\sun\mail\jakarta.mail\1.6.7\jakarta.mail-1.6.7.jar;C:\Users\jexin\.m2\repository\com\sun\activation\jakarta.activation\1.2.1\jakarta.activation-1.2.1.jar;"/>
    <property name="sun.cpu.endian" value="little"/>
    <property name="user.home" value="C:\Users\jexin"/>
    <property name="user.language" value="en"/>
    <property name="java.specification.vendor" value="Oracle Corporation"/>
    <property name="java.version.date" value="2024-10-15"/>
    <property name="java.home" value="C:\Program Files\Java\jdk-23"/>
    <property name="file.separator" value="\"/>
    <property name="basedir" value="C:\Users\jexin\OneDrive\Documents\Workspace\opencart-ecommerce"/>
    <property name="java.vm.compressedOopsMode" value="Zero based"/>
    <property name="line.separator" value="&#10;"/>
    <property name="java.vm.specification.vendor" value="Oracle Corporation"/>
    <property name="java.specification.name" value="Java Platform API Specification"/>
    <property name="surefire.real.class.path" value="C:\Users\jexin\AppData\Local\Temp\surefire12983206664871859133\surefirebooter-20250712214630842_3.jar"/>
    <property name="user.script" value=""/>
    <property name="sun.management.compiler" value="HotSpot 64-Bit Tiered Compilers"/>
    <property name="java.runtime.version" value="23.0.1+11-39"/>
    <property name="user.name" value="jexin"/>
    <property name="stdout.encoding" value="Cp1252"/>
    <property name="path.separator" value=";"/>
    <property name="os.version" value="10.0"/>
    <property name="java.runtime.name" value="Java(TM) SE Runtime Environment"/>
    <property name="file.encoding" value="UTF-8"/>
    <property name="java.vm.name" value="Java HotSpot(TM) 64-Bit Server VM"/>
    <property name="localRepository" value="C:\Users\jexin\.m2\repository"/>
    <property name="java.vendor.url.bug" value="https://bugreport.java.com/bugreport/"/>
    <property name="java.io.tmpdir" value="C:\Users\jexin\AppData\Local\Temp\"/>
    <property name="java.version" value="23.0.1"/>
    <property name="user.dir" value="C:\Users\jexin\OneDrive\Documents\Workspace\opencart-ecommerce"/>
    <property name="os.arch" value="amd64"/>
    <property name="java.vm.specification.name" value="Java Virtual Machine Specification"/>
    <property name="sun.os.patch.level" value=""/>
    <property name="native.encoding" value="Cp1252"/>
    <property name="java.library.path" value="C:\Program Files\Java\jdk-23\bin;C:\WINDOWS\Sun\Java\bin;C:\WINDOWS\system32;C:\WINDOWS;C:\Program Files\Common Files\Oracle\Java\javapath;C:\WINDOWS\system32;C:\WINDOWS;C:\WINDOWS\System32\Wbem;C:\WINDOWS\System32\WindowsPowerShell\v1.0\;C:\WINDOWS\System32\OpenSSH\;C:\Program Files\Java\jdk-23\bin;C:\Program Files\dotnet\;C:\Program Files\Docker\Docker\resources\bin;C:\Program Files\apache-maven-3.9.10\bin;C:\Users\jexin\AppData\Local\Microsoft\WindowsApps;C:\Users\jexin\AppData\Local\Muse Hub\lib;C:\Program Files (x86)\BrowserStackLocal\;."/>
    <property name="java.vm.info" value="mixed mode, sharing"/>
    <property name="stderr.encoding" value="Cp1252"/>
    <property name="java.vendor" value="Oracle Corporation"/>
    <property name="java.vm.version" value="23.0.1+11-39"/>
    <property name="sun.io.unicode.encoding" value="UnicodeLittle"/>
    <property name="java.class.version" value="67.0"/>
  </properties>
  <testcase name="verify_account_registration" classname="testCases.AccountRegistrationTest" time="2.022">
    <system-out><![CDATA[2025-07-12 21:46:36.339 [main] INFO  chrome testCases.AccountRegistrationTest - Account registration test started
2025-07-12 21:46:36.448 [main] DEBUG chrome testCases.AccountRegistrationTest - Clicked on My Account link
2025-07-12 21:46:36.939 [main] DEBUG chrome testCases.AccountRegistrationTest - Clicked on Register link
2025-07-12 21:46:37.040 [main] DEBUG chrome testCases.AccountRegistrationTest - First name entered: CYXCItgw
2025-07-12 21:46:37.104 [main] DEBUG chrome testCases.AccountRegistrationTest - Last name entered:VXUVUcAAm
2025-07-12 21:46:37.172 [main] DEBUG chrome testCases.AccountRegistrationTest - Email entered: FfMqqV@gmail.com
2025-07-12 21:46:37.226 [main] DEBUG chrome testCases.AccountRegistrationTest - Telephone number entered: 6182337934
2025-07-12 21:46:37.269 [main] DEBUG chrome testCases.AccountRegistrationTest - Password entered: Yg9FpkrmY
2025-07-12 21:46:37.320 [main] DEBUG chrome testCases.AccountRegistrationTest - Confirm Password entered: Yg9FpkrmY 
2025-07-12 21:46:37.377 [main] DEBUG chrome testCases.AccountRegistrationTest - Clicked on NewsLetter radio button -Yes 
2025-07-12 21:46:37.435 [main] DEBUG chrome testCases.AccountRegistrationTest - Checked on Privacy & Policy check box 
2025-07-12 21:46:37.513 [main] DEBUG chrome testCases.AccountRegistrationTest - Clicked on Register submit button
2025-07-12 21:46:38.332 [main] DEBUG chrome testCases.AccountRegistrationTest - Post register success message retrieved
2025-07-12 21:46:38.335 [main] INFO  chrome testCases.AccountRegistrationTest - Account registered successfully
2025-07-12 21:46:38.335 [main] INFO  chrome testCases.AccountRegistrationTest - Account registration test completed
]]></system-out>
    <system-err><![CDATA[SLF4J(W): No SLF4J providers were found.
SLF4J(W): Defaulting to no-operation (NOP) logger implementation
SLF4J(W): See https://www.slf4j.org/codes.html#noProviders for further details.
]]></system-err>
  </testcase>
  <testcase name="verify_login" classname="testCases.LoginAccountTest" time="1.482">
    <system-out><![CDATA[2025-07-12 21:46:40.268 [main] INFO  chrome testCases.LoginAccountTest - Login test started
2025-07-12 21:46:40.345 [main] DEBUG chrome testCases.LoginAccountTest - Clicked on My Account link
2025-07-12 21:46:40.705 [main] DEBUG chrome testCases.LoginAccountTest - Clicked on Login link
2025-07-12 21:46:40.794 [main] DEBUG chrome testCases.LoginAccountTest - Entered email
2025-07-12 21:46:40.844 [main] DEBUG chrome testCases.LoginAccountTest - Entered password
2025-07-12 21:46:40.899 [main] DEBUG chrome testCases.LoginAccountTest - Clicked on login button
2025-07-12 21:46:41.747 [main] DEBUG chrome testCases.LoginAccountTest - My Account text is present
2025-07-12 21:46:41.748 [main] INFO  chrome testCases.LoginAccountTest - Login test completed
]]></system-out>
  </testcase>
  <testcase name="verify_valid_and_invalid_login[beTBmXj@gmail.com, PJ5Gvo, valid](1)" classname="testCases.LoginDataDrivenTest" time="2.36">
    <system-out><![CDATA[2025-07-12 21:46:46.329 [main] DEBUG chrome org.apache.poi.openxml4j.opc.PackageRelationshipCollection - Parsing relationship: /xl/_rels/workbook.xml.rels
2025-07-12 21:46:46.344 [main] DEBUG chrome org.apache.poi.openxml4j.opc.PackageRelationshipCollection - Parsing relationship: /xl/worksheets/_rels/sheet1.xml.rels
2025-07-12 21:46:46.347 [main] DEBUG chrome org.apache.poi.openxml4j.opc.PackageRelationshipCollection - Parsing relationship: /_rels/.rels
2025-07-12 21:46:46.838 [main] DEBUG chrome org.apache.poi.openxml4j.opc.PackageRelationshipCollection - Parsing relationship: /xl/_rels/workbook.xml.rels
2025-07-12 21:46:46.840 [main] DEBUG chrome org.apache.poi.openxml4j.opc.PackageRelationshipCollection - Parsing relationship: /xl/worksheets/_rels/sheet1.xml.rels
2025-07-12 21:46:46.842 [main] DEBUG chrome org.apache.poi.openxml4j.opc.PackageRelationshipCollection - Parsing relationship: /_rels/.rels
2025-07-12 21:46:46.863 [main] DEBUG chrome org.apache.poi.openxml4j.opc.PackageRelationshipCollection - Parsing relationship: /xl/_rels/workbook.xml.rels
2025-07-12 21:46:46.863 [main] DEBUG chrome org.apache.poi.openxml4j.opc.PackageRelationshipCollection - Parsing relationship: /xl/worksheets/_rels/sheet1.xml.rels
2025-07-12 21:46:46.863 [main] DEBUG chrome org.apache.poi.openxml4j.opc.PackageRelationshipCollection - Parsing relationship: /_rels/.rels
2025-07-12 21:46:46.895 [main] DEBUG chrome org.apache.poi.openxml4j.opc.PackageRelationshipCollection - Parsing relationship: /xl/_rels/workbook.xml.rels
2025-07-12 21:46:46.895 [main] DEBUG chrome org.apache.poi.openxml4j.opc.PackageRelationshipCollection - Parsing relationship: /xl/worksheets/_rels/sheet1.xml.rels
2025-07-12 21:46:46.895 [main] DEBUG chrome org.apache.poi.openxml4j.opc.PackageRelationshipCollection - Parsing relationship: /_rels/.rels
2025-07-12 21:46:46.910 [main] DEBUG chrome org.apache.poi.openxml4j.opc.PackageRelationshipCollection - Parsing relationship: /xl/_rels/workbook.xml.rels
2025-07-12 21:46:46.910 [main] DEBUG chrome org.apache.poi.openxml4j.opc.PackageRelationshipCollection - Parsing relationship: /xl/worksheets/_rels/sheet1.xml.rels
2025-07-12 21:46:46.910 [main] DEBUG chrome org.apache.poi.openxml4j.opc.PackageRelationshipCollection - Parsing relationship: /_rels/.rels
2025-07-12 21:46:46.926 [main] DEBUG chrome org.apache.poi.openxml4j.opc.PackageRelationshipCollection - Parsing relationship: /xl/_rels/workbook.xml.rels
2025-07-12 21:46:46.926 [main] DEBUG chrome org.apache.poi.openxml4j.opc.PackageRelationshipCollection - Parsing relationship: /xl/worksheets/_rels/sheet1.xml.rels
2025-07-12 21:46:46.926 [main] DEBUG chrome org.apache.poi.openxml4j.opc.PackageRelationshipCollection - Parsing relationship: /_rels/.rels
2025-07-12 21:46:46.942 [main] DEBUG chrome org.apache.poi.openxml4j.opc.PackageRelationshipCollection - Parsing relationship: /xl/_rels/workbook.xml.rels
2025-07-12 21:46:46.942 [main] DEBUG chrome org.apache.poi.openxml4j.opc.PackageRelationshipCollection - Parsing relationship: /xl/worksheets/_rels/sheet1.xml.rels
2025-07-12 21:46:46.942 [main] DEBUG chrome org.apache.poi.openxml4j.opc.PackageRelationshipCollection - Parsing relationship: /_rels/.rels
2025-07-12 21:46:46.959 [main] DEBUG chrome org.apache.poi.openxml4j.opc.PackageRelationshipCollection - Parsing relationship: /xl/_rels/workbook.xml.rels
2025-07-12 21:46:46.959 [main] DEBUG chrome org.apache.poi.openxml4j.opc.PackageRelationshipCollection - Parsing relationship: /xl/worksheets/_rels/sheet1.xml.rels
2025-07-12 21:46:46.959 [main] DEBUG chrome org.apache.poi.openxml4j.opc.PackageRelationshipCollection - Parsing relationship: /_rels/.rels
2025-07-12 21:46:46.978 [main] DEBUG chrome org.apache.poi.openxml4j.opc.PackageRelationshipCollection - Parsing relationship: /xl/_rels/workbook.xml.rels
2025-07-12 21:46:46.978 [main] DEBUG chrome org.apache.poi.openxml4j.opc.PackageRelationshipCollection - Parsing relationship: /xl/worksheets/_rels/sheet1.xml.rels
2025-07-12 21:46:46.978 [main] DEBUG chrome org.apache.poi.openxml4j.opc.PackageRelationshipCollection - Parsing relationship: /_rels/.rels
2025-07-12 21:46:46.990 [main] DEBUG chrome org.apache.poi.openxml4j.opc.PackageRelationshipCollection - Parsing relationship: /xl/_rels/workbook.xml.rels
2025-07-12 21:46:46.990 [main] DEBUG chrome org.apache.poi.openxml4j.opc.PackageRelationshipCollection - Parsing relationship: /xl/worksheets/_rels/sheet1.xml.rels
2025-07-12 21:46:46.990 [main] DEBUG chrome org.apache.poi.openxml4j.opc.PackageRelationshipCollection - Parsing relationship: /_rels/.rels
2025-07-12 21:46:47.006 [main] DEBUG chrome org.apache.poi.openxml4j.opc.PackageRelationshipCollection - Parsing relationship: /xl/_rels/workbook.xml.rels
2025-07-12 21:46:47.006 [main] DEBUG chrome org.apache.poi.openxml4j.opc.PackageRelationshipCollection - Parsing relationship: /xl/worksheets/_rels/sheet1.xml.rels
2025-07-12 21:46:47.006 [main] DEBUG chrome org.apache.poi.openxml4j.opc.PackageRelationshipCollection - Parsing relationship: /_rels/.rels
2025-07-12 21:46:47.021 [main] DEBUG chrome org.apache.poi.openxml4j.opc.PackageRelationshipCollection - Parsing relationship: /xl/_rels/workbook.xml.rels
2025-07-12 21:46:47.021 [main] DEBUG chrome org.apache.poi.openxml4j.opc.PackageRelationshipCollection - Parsing relationship: /xl/worksheets/_rels/sheet1.xml.rels
2025-07-12 21:46:47.022 [main] DEBUG chrome org.apache.poi.openxml4j.opc.PackageRelationshipCollection - Parsing relationship: /_rels/.rels
2025-07-12 21:46:47.022 [main] DEBUG chrome org.apache.poi.openxml4j.opc.PackageRelationshipCollection - Parsing relationship: /xl/_rels/workbook.xml.rels
2025-07-12 21:46:47.022 [main] DEBUG chrome org.apache.poi.openxml4j.opc.PackageRelationshipCollection - Parsing relationship: /xl/worksheets/_rels/sheet1.xml.rels
2025-07-12 21:46:47.022 [main] DEBUG chrome org.apache.poi.openxml4j.opc.PackageRelationshipCollection - Parsing relationship: /_rels/.rels
2025-07-12 21:46:47.044 [main] DEBUG chrome org.apache.poi.openxml4j.opc.PackageRelationshipCollection - Parsing relationship: /xl/_rels/workbook.xml.rels
2025-07-12 21:46:47.044 [main] DEBUG chrome org.apache.poi.openxml4j.opc.PackageRelationshipCollection - Parsing relationship: /xl/worksheets/_rels/sheet1.xml.rels
2025-07-12 21:46:47.044 [main] DEBUG chrome org.apache.poi.openxml4j.opc.PackageRelationshipCollection - Parsing relationship: /_rels/.rels
2025-07-12 21:46:47.065 [main] DEBUG chrome org.apache.poi.openxml4j.opc.PackageRelationshipCollection - Parsing relationship: /xl/_rels/workbook.xml.rels
2025-07-12 21:46:47.065 [main] DEBUG chrome org.apache.poi.openxml4j.opc.PackageRelationshipCollection - Parsing relationship: /xl/worksheets/_rels/sheet1.xml.rels
2025-07-12 21:46:47.065 [main] DEBUG chrome org.apache.poi.openxml4j.opc.PackageRelationshipCollection - Parsing relationship: /_rels/.rels
2025-07-12 21:46:47.094 [main] DEBUG chrome org.apache.poi.openxml4j.opc.PackageRelationshipCollection - Parsing relationship: /xl/_rels/workbook.xml.rels
2025-07-12 21:46:47.095 [main] DEBUG chrome org.apache.poi.openxml4j.opc.PackageRelationshipCollection - Parsing relationship: /xl/worksheets/_rels/sheet1.xml.rels
2025-07-12 21:46:47.096 [main] DEBUG chrome org.apache.poi.openxml4j.opc.PackageRelationshipCollection - Parsing relationship: /_rels/.rels
2025-07-12 21:46:47.117 [main] DEBUG chrome org.apache.poi.openxml4j.opc.PackageRelationshipCollection - Parsing relationship: /xl/_rels/workbook.xml.rels
2025-07-12 21:46:47.118 [main] DEBUG chrome org.apache.poi.openxml4j.opc.PackageRelationshipCollection - Parsing relationship: /xl/worksheets/_rels/sheet1.xml.rels
2025-07-12 21:46:47.120 [main] DEBUG chrome org.apache.poi.openxml4j.opc.PackageRelationshipCollection - Parsing relationship: /_rels/.rels
2025-07-12 21:46:47.149 [main] INFO  chrome testCases.LoginDataDrivenTest - valid login test started
2025-07-12 21:46:47.248 [main] DEBUG chrome testCases.LoginDataDrivenTest - Clicked on My Account link
2025-07-12 21:46:47.675 [main] DEBUG chrome testCases.LoginDataDrivenTest - Clicked on Login link
2025-07-12 21:46:47.772 [main] DEBUG chrome testCases.LoginDataDrivenTest - Entered email
2025-07-12 21:46:47.843 [main] DEBUG chrome testCases.LoginDataDrivenTest - Entered password
2025-07-12 21:46:47.945 [main] DEBUG chrome testCases.LoginDataDrivenTest - Clicked on login button
2025-07-12 21:46:48.674 [main] DEBUG chrome testCases.LoginDataDrivenTest - My Account text is present
2025-07-12 21:46:48.674 [main] INFO  chrome testCases.LoginDataDrivenTest - Login successful with valid credential
2025-07-12 21:46:49.122 [main] DEBUG chrome testCases.LoginDataDrivenTest - Clicked on Logout link on Account page
2025-07-12 21:46:49.503 [main] DEBUG chrome testCases.LoginDataDrivenTest - Clicked on Logout link on Account page
2025-07-12 21:46:49.503 [main] INFO  chrome testCases.LoginDataDrivenTest - valid login test completed
]]></system-out>
  </testcase>
  <testcase name="verify_valid_and_invalid_login[kisa@gmail.com, alkdsfj, invalid](2)" classname="testCases.LoginDataDrivenTest" time="10.862">
    <system-out><![CDATA[2025-07-12 21:46:49.507 [main] INFO  chrome testCases.LoginDataDrivenTest - invalid login test started
2025-07-12 21:46:49.565 [main] DEBUG chrome testCases.LoginDataDrivenTest - Clicked on My Account link
2025-07-12 21:46:50.197 [main] DEBUG chrome testCases.LoginDataDrivenTest - Clicked on Login link
2025-07-12 21:46:50.265 [main] DEBUG chrome testCases.LoginDataDrivenTest - Entered email
2025-07-12 21:46:50.310 [main] DEBUG chrome testCases.LoginDataDrivenTest - Entered password
2025-07-12 21:46:50.356 [main] DEBUG chrome testCases.LoginDataDrivenTest - Clicked on login button
2025-07-12 21:47:00.370 [main] DEBUG chrome testCases.LoginDataDrivenTest - Exception while fetching My Account text
2025-07-12 21:47:00.370 [main] INFO  chrome testCases.LoginDataDrivenTest - Unable to login with invalid credential
2025-07-12 21:47:00.370 [main] INFO  chrome testCases.LoginDataDrivenTest - invalid login test completed
]]></system-out>
  </testcase>
  <testcase name="verify_valid_and_invalid_login[kisa@gmail.com, rT0I02Wm, valid](3)" classname="testCases.LoginDataDrivenTest" time="2.025">
    <system-out><![CDATA[2025-07-12 21:47:00.370 [main] INFO  chrome testCases.LoginDataDrivenTest - valid login test started
2025-07-12 21:47:00.448 [main] DEBUG chrome testCases.LoginDataDrivenTest - Clicked on My Account link
2025-07-12 21:47:00.764 [main] DEBUG chrome testCases.LoginDataDrivenTest - Clicked on Login link
2025-07-12 21:47:00.831 [main] DEBUG chrome testCases.LoginDataDrivenTest - Entered email
2025-07-12 21:47:00.860 [main] DEBUG chrome testCases.LoginDataDrivenTest - Entered password
2025-07-12 21:47:00.912 [main] DEBUG chrome testCases.LoginDataDrivenTest - Clicked on login button
2025-07-12 21:47:01.576 [main] DEBUG chrome testCases.LoginDataDrivenTest - My Account text is present
2025-07-12 21:47:01.576 [main] INFO  chrome testCases.LoginDataDrivenTest - Login successful with valid credential
2025-07-12 21:47:02.088 [main] DEBUG chrome testCases.LoginDataDrivenTest - Clicked on Logout link on Account page
2025-07-12 21:47:02.395 [main] DEBUG chrome testCases.LoginDataDrivenTest - Clicked on Logout link on Account page
2025-07-12 21:47:02.395 [main] INFO  chrome testCases.LoginDataDrivenTest - valid login test completed
]]></system-out>
  </testcase>
  <testcase name="verify_valid_and_invalid_login[, alsdfj, invalid](4)" classname="testCases.LoginDataDrivenTest" time="11.348">
    <system-out><![CDATA[2025-07-12 21:47:02.395 [main] INFO  chrome testCases.LoginDataDrivenTest - invalid login test started
2025-07-12 21:47:02.454 [main] DEBUG chrome testCases.LoginDataDrivenTest - Clicked on My Account link
2025-07-12 21:47:02.772 [main] DEBUG chrome testCases.LoginDataDrivenTest - Clicked on Login link
2025-07-12 21:47:02.828 [main] DEBUG chrome testCases.LoginDataDrivenTest - Entered email
2025-07-12 21:47:02.871 [main] DEBUG chrome testCases.LoginDataDrivenTest - Entered password
2025-07-12 21:47:02.923 [main] DEBUG chrome testCases.LoginDataDrivenTest - Clicked on login button
2025-07-12 21:47:13.739 [main] DEBUG chrome testCases.LoginDataDrivenTest - Exception while fetching My Account text
2025-07-12 21:47:13.739 [main] INFO  chrome testCases.LoginDataDrivenTest - Unable to login with invalid credential
2025-07-12 21:47:13.743 [main] INFO  chrome testCases.LoginDataDrivenTest - invalid login test completed
]]></system-out>
  </testcase>
  <testcase name="verify_valid_and_invalid_login[kisa@gmail.com, , invalid](5)" classname="testCases.LoginDataDrivenTest" time="10.67">
    <system-out><![CDATA[2025-07-12 21:47:13.743 [main] INFO  chrome testCases.LoginDataDrivenTest - invalid login test started
2025-07-12 21:47:13.807 [main] DEBUG chrome testCases.LoginDataDrivenTest - Clicked on My Account link
2025-07-12 21:47:14.211 [main] DEBUG chrome testCases.LoginDataDrivenTest - Clicked on Login link
2025-07-12 21:47:14.282 [main] DEBUG chrome testCases.LoginDataDrivenTest - Entered email
2025-07-12 21:47:14.314 [main] DEBUG chrome testCases.LoginDataDrivenTest - Entered password
2025-07-12 21:47:14.364 [main] DEBUG chrome testCases.LoginDataDrivenTest - Clicked on login button
2025-07-12 21:47:24.403 [main] DEBUG chrome testCases.LoginDataDrivenTest - Exception while fetching My Account text
2025-07-12 21:47:24.403 [main] INFO  chrome testCases.LoginDataDrivenTest - Unable to login with invalid credential
2025-07-12 21:47:24.403 [main] INFO  chrome testCases.LoginDataDrivenTest - invalid login test completed
]]></system-out>
  </testcase>
</testsuite>