<?xml version="1.0" encoding="UTF-8"?>
<!-- Generated by org.testng.reporters.JUnitReportReporter -->
<testsuite hostname="Jexin" failures="0" tests="5" name="testCases.LoginDataDrivenTest" time="50.840" errors="0" timestamp="2025-07-10T10:17:05 IST" skipped="0">
  <testcase classname="testCases.LoginDataDrivenTest" name="verify_valid_and_invalid_login" time="13.756"/>
  <testcase classname="testCases.LoginDataDrivenTest" name="verify_valid_and_invalid_login" time="5.469"/>
  <testcase classname="testCases.LoginDataDrivenTest" name="verify_valid_and_invalid_login" time="5.624"/>
  <testcase classname="testCases.LoginDataDrivenTest" name="verify_valid_and_invalid_login" time="13.002"/>
  <testcase classname="testCases.LoginDataDrivenTest" name="verify_valid_and_invalid_login" time="12.989"/>
</testsuite> <!-- testCases.LoginDataDrivenTest -->
