<?xml version="1.0" encoding="UTF-8"?>
<!-- Generated by org.testng.reporters.JUnitReportReporter -->
<testsuite hostname="Jexin" failures="0" tests="5" name="testCases.LoginDataDrivenTest" time="37.114" errors="0" timestamp="2025-07-13T11:32:46 IST" skipped="0">
  <testcase classname="testCases.LoginDataDrivenTest" name="verify_valid_and_invalid_login" time="10.561"/>
  <testcase classname="testCases.LoginDataDrivenTest" name="verify_valid_and_invalid_login" time="2.452"/>
  <testcase classname="testCases.LoginDataDrivenTest" name="verify_valid_and_invalid_login" time="11.335"/>
  <testcase classname="testCases.LoginDataDrivenTest" name="verify_valid_and_invalid_login" time="10.623"/>
  <testcase classname="testCases.LoginDataDrivenTest" name="verify_valid_and_invalid_login" time="2.143"/>
</testsuite> <!-- testCases.LoginDataDrivenTest -->
