<?xml version="1.0" encoding="UTF-8"?>
<!-- Generated by org.testng.reporters.JUnitReportReporter -->
<testsuite hostname="Jexin" failures="0" tests="1" name="testCases.LoginAccountTest" time="1.925" errors="0" timestamp="2025-07-11T09:59:34 IST" skipped="0">
  <testcase classname="testCases.LoginAccountTest" name="verify_login" time="1.925"/>
</testsuite> <!-- testCases.LoginAccountTest -->
