<?xml version="1.0" encoding="UTF-8"?>
<!-- Generated by org.testng.reporters.JUnitReportReporter -->
<testsuite hostname="Jexin" failures="0" tests="1" name="testCases.LoginAccountTest" time="1.474" errors="0" timestamp="2025-07-13T11:32:46 IST" skipped="0">
  <testcase classname="testCases.LoginAccountTest" name="verify_login" time="1.474"/>
</testsuite> <!-- testCases.LoginAccountTest -->
