<?xml version="1.0" encoding="UTF-8"?>
<!-- Generated by org.testng.reporters.JUnitReportReporter -->
<testsuite hostname="Jexin" failures="0" tests="5" name="testCases.LoginDataDrivenTest" time="37.253" errors="0" timestamp="2025-07-12T21:47:26 IST" skipped="0">
  <testcase classname="testCases.LoginDataDrivenTest" name="verify_valid_and_invalid_login" time="2.025"/>
  <testcase classname="testCases.LoginDataDrivenTest" name="verify_valid_and_invalid_login" time="11.348"/>
  <testcase classname="testCases.LoginDataDrivenTest" name="verify_valid_and_invalid_login" time="2.357"/>
  <testcase classname="testCases.LoginDataDrivenTest" name="verify_valid_and_invalid_login" time="10.863"/>
  <testcase classname="testCases.LoginDataDrivenTest" name="verify_valid_and_invalid_login" time="10.660"/>
</testsuite> <!-- testCases.LoginDataDrivenTest -->
