<?xml version="1.0" encoding="UTF-8"?>
<!-- Generated by org.testng.reporters.JUnitReportReporter -->
<testsuite hostname="Jexin" failures="0" tests="1" name="testCases.AccountRegistrationTest" time="2.004" errors="0" timestamp="2025-07-12T21:47:26 IST" skipped="0">
  <testcase classname="testCases.AccountRegistrationTest" name="verify_account_registration" time="2.004"/>
</testsuite> <!-- testCases.AccountRegistrationTest -->
