<?xml version="1.0" encoding="UTF-8"?>
<!-- Generated by org.testng.reporters.JUnitReportReporter -->
<testsuite hostname="Jexin" failures="0" tests="1" name="testCases.LoginAccountTest" time="1.480" errors="0" timestamp="2025-07-12T21:47:26 IST" skipped="0">
  <testcase classname="testCases.LoginAccountTest" name="verify_login" time="1.480"/>
</testsuite> <!-- testCases.LoginAccountTest -->
